<?xml version="1.0" encoding="UTF-8"?>
<!-- Generated by org.testng.reporters.JUnitReportReporter -->
<testsuite skipped="0" hostname="75917ece24e2" name="com.searchmodule.tests.SearchTest" tests="4" failures="0" timestamp="21 Mar 2021 08:10:26 GMT" time="18.938" errors="0">
  <testcase name="search" time="8.682" classname="com.searchmodule.tests.SearchTest"/>
  <testcase name="search" time="3.138" classname="com.searchmodule.tests.SearchTest"/>
  <testcase name="search" time="3.565" classname="com.searchmodule.tests.SearchTest"/>
  <testcase name="search" time="3.553" classname="com.searchmodule.tests.SearchTest"/>
</testsuite> <!-- com.searchmodule.tests.SearchTest -->
