<?xml version="1.0" encoding="UTF-8"?>
<!-- Generated by org.testng.reporters.JUnitReportReporter -->
<testsuite hostname="LAPTOP-2FQ2EUQI" failures="0" tests="20" name="com.newtours.tests.BookFlightTest" time="40.102" errors="0" timestamp="21 Mar 2021 06:06:16 GMT" skipped="0">
  <testcase classname="com.newtours.tests.BookFlightTest" name="registrationConfirmationPage" time="0.141"/>
  <testcase classname="com.newtours.tests.BookFlightTest" name="flightDetailsPage" time="1.516"/>
  <testcase classname="com.newtours.tests.BookFlightTest" name="registrationConfirmationPage" time="0.262"/>
  <testcase classname="com.newtours.tests.BookFlightTest" name="registrationConfirmationPage" time="0.139"/>
  <testcase classname="com.newtours.tests.BookFlightTest" name="flightDetailsPage" time="1.815"/>
  <testcase classname="com.newtours.tests.BookFlightTest" name="findFlightPage" time="0.306"/>
  <testcase classname="com.newtours.tests.BookFlightTest" name="flightConfirmationPage" time="0.238"/>
  <testcase classname="com.newtours.tests.BookFlightTest" name="findFlightPage" time="0.344"/>
  <testcase classname="com.newtours.tests.BookFlightTest" name="findFlightPage" time="0.535"/>
  <testcase classname="com.newtours.tests.BookFlightTest" name="flightDetailsPage" time="1.546"/>
  <testcase classname="com.newtours.tests.BookFlightTest" name="registrationPage" time="6.431"/>
  <testcase classname="com.newtours.tests.BookFlightTest" name="flightDetailsPage" time="1.444"/>
  <testcase classname="com.newtours.tests.BookFlightTest" name="registrationConfirmationPage" time="0.261"/>
  <testcase classname="com.newtours.tests.BookFlightTest" name="findFlightPage" time="0.373"/>
  <testcase classname="com.newtours.tests.BookFlightTest" name="registrationPage" time="6.006"/>
  <testcase classname="com.newtours.tests.BookFlightTest" name="flightConfirmationPage" time="0.304"/>
  <testcase classname="com.newtours.tests.BookFlightTest" name="flightConfirmationPage" time="0.281"/>
  <testcase classname="com.newtours.tests.BookFlightTest" name="registrationPage" time="10.760"/>
  <testcase classname="com.newtours.tests.BookFlightTest" name="registrationPage" time="7.124"/>
  <testcase classname="com.newtours.tests.BookFlightTest" name="flightConfirmationPage" time="0.276"/>
</testsuite> <!-- com.newtours.tests.BookFlightTest -->
