<?xml version="1.0" encoding="UTF-8"?>
<!-- Generated by org.testng.reporters.JUnitReportReporter -->
<testsuite hostname="LAPTOP-2FQ2EUQI" failures="0" tests="4" name="com.searchmodule.tests.SearchTest" time="19.104" errors="0" timestamp="21 Mar 2021 07:11:40 GMT" skipped="0">
  <testcase classname="com.searchmodule.tests.SearchTest" name="search" time="3.672"/>
  <testcase classname="com.searchmodule.tests.SearchTest" name="search" time="3.573"/>
  <testcase classname="com.searchmodule.tests.SearchTest" name="search" time="8.771"/>
  <testcase classname="com.searchmodule.tests.SearchTest" name="search" time="3.088"/>
</testsuite> <!-- com.searchmodule.tests.SearchTest -->
